{"D:\\_CODE\\visioncheck\\src\\routes\\evaluate-image.ts": {"path":"D:\\_CODE\\visioncheck\\src\\routes\\evaluate-image.ts","statementMap":{"0":{"start":{"line":19,"column":22},"end":{"line":62,"column":null}},"1":{"start":{"line":64,"column":2},"end":{"line":169,"column":null}},"2":{"start":{"line":78,"column":6},"end":{"line":167,"column":null}},"3":{"start":{"line":79,"column":33},"end":{"line":79,"column":null}},"4":{"start":{"line":81,"column":8},"end":{"line":86,"column":null}},"5":{"start":{"line":82,"column":10},"end":{"line":85,"column":null}},"6":{"start":{"line":83,"column":60},"end":{"line":83,"column":69}},"7":{"start":{"line":88,"column":39},"end":{"line":88,"column":null}},"8":{"start":{"line":91,"column":31},"end":{"line":91,"column":null}},"9":{"start":{"line":92,"column":14},"end":{"line":92,"column":null}},"10":{"start":{"line":93,"column":8},"end":{"line":98,"column":null}},"11":{"start":{"line":94,"column":10},"end":{"line":97,"column":null}},"12":{"start":{"line":100,"column":23},"end":{"line":100,"column":null}},"13":{"start":{"line":101,"column":8},"end":{"line":107,"column":null}},"14":{"start":{"line":102,"column":10},"end":{"line":102,"column":null}},"15":{"start":{"line":103,"column":10},"end":{"line":106,"column":null}},"16":{"start":{"line":109,"column":22},"end":{"line":109,"column":null}},"17":{"start":{"line":110,"column":30},"end":{"line":113,"column":null}},"18":{"start":{"line":115,"column":26},"end":{"line":115,"column":null}},"19":{"start":{"line":116,"column":23},"end":{"line":116,"column":null}},"20":{"start":{"line":117,"column":25},"end":{"line":117,"column":null}},"21":{"start":{"line":119,"column":8},"end":{"line":128,"column":null}},"22":{"start":{"line":130,"column":8},"end":{"line":130,"column":null}},"23":{"start":{"line":132,"column":21},"end":{"line":132,"column":null}},"24":{"start":{"line":133,"column":8},"end":{"line":142,"column":null}},"25":{"start":{"line":144,"column":8},"end":{"line":161,"column":null}},"26":{"start":{"line":145,"column":10},"end":{"line":155,"column":null}},"27":{"start":{"line":151,"column":12},"end":{"line":154,"column":null}},"28":{"start":{"line":157,"column":10},"end":{"line":160,"column":null}},"29":{"start":{"line":163,"column":8},"end":{"line":166,"column":null}}},"fnMap":{"0":{"name":"evaluateImageRoute","decl":{"start":{"line":18,"column":22},"end":{"line":18,"column":41}},"loc":{"start":{"line":18,"column":67},"end":{"line":170,"column":null}},"line":18},"1":{"name":"(anonymous_1)","decl":{"start":{"line":77,"column":4},"end":{"line":77,"column":11}},"loc":{"start":{"line":77,"column":60},"end":{"line":168,"column":null}},"line":77},"2":{"name":"(anonymous_2)","decl":{"start":{"line":83,"column":53},"end":{"line":83,"column":54}},"loc":{"start":{"line":83,"column":60},"end":{"line":83,"column":69}},"line":83}},"branchMap":{"0":{"loc":{"start":{"line":81,"column":8},"end":{"line":86,"column":null}},"type":"if","locations":[{"start":{"line":81,"column":8},"end":{"line":86,"column":null}},{"start":{},"end":{}}],"line":81},"1":{"loc":{"start":{"line":93,"column":8},"end":{"line":98,"column":null}},"type":"if","locations":[{"start":{"line":93,"column":8},"end":{"line":98,"column":null}},{"start":{},"end":{}}],"line":93},"2":{"loc":{"start":{"line":95,"column":19},"end":{"line":95,"column":null}},"type":"binary-expr","locations":[{"start":{"line":95,"column":19},"end":{"line":95,"column":42}},{"start":{"line":95,"column":42},"end":{"line":95,"column":null}}],"line":95},"3":{"loc":{"start":{"line":101,"column":8},"end":{"line":107,"column":null}},"type":"if","locations":[{"start":{"line":101,"column":8},"end":{"line":107,"column":null}},{"start":{},"end":{}}],"line":101},"4":{"loc":{"start":{"line":101,"column":12},"end":{"line":101,"column":45}},"type":"binary-expr","locations":[{"start":{"line":101,"column":12},"end":{"line":101,"column":23}},{"start":{"line":101,"column":23},"end":{"line":101,"column":45}}],"line":101},"5":{"loc":{"start":{"line":144,"column":8},"end":{"line":161,"column":null}},"type":"if","locations":[{"start":{"line":144,"column":8},"end":{"line":161,"column":null}},{"start":{},"end":{}}],"line":144},"6":{"loc":{"start":{"line":145,"column":10},"end":{"line":155,"column":null}},"type":"if","locations":[{"start":{"line":145,"column":10},"end":{"line":155,"column":null}},{"start":{},"end":{}}],"line":145},"7":{"loc":{"start":{"line":146,"column":12},"end":{"line":149,"column":null}},"type":"binary-expr","locations":[{"start":{"line":146,"column":12},"end":{"line":146,"column":null}},{"start":{"line":147,"column":12},"end":{"line":147,"column":null}},{"start":{"line":148,"column":12},"end":{"line":148,"column":null}},{"start":{"line":149,"column":12},"end":{"line":149,"column":null}}],"line":146},"8":{"loc":{"start":{"line":158,"column":19},"end":{"line":158,"column":null}},"type":"binary-expr","locations":[{"start":{"line":158,"column":19},"end":{"line":158,"column":36}},{"start":{"line":158,"column":36},"end":{"line":158,"column":null}}],"line":158}},"s":{"0":21,"1":21,"2":14,"3":14,"4":14,"5":3,"6":3,"7":11,"8":11,"9":11,"10":11,"11":0,"12":11,"13":11,"14":1,"15":1,"16":10,"17":10,"18":10,"19":10,"20":3,"21":3,"22":3,"23":7,"24":7,"25":7,"26":6,"27":4,"28":2,"29":1},"f":{"0":21,"1":14,"2":3},"b":{"0":[3,11],"1":[0,11],"2":[0,0],"3":[1,10],"4":[11,10],"5":[6,1],"6":[4,2],"7":[6,3,3,3],"8":[2,0]},"meta":{"lastBranch":9,"lastFunction":3,"lastStatement":30,"seen":{"f:18:22:18:41":0,"s:19:22:62:Infinity":0,"s:64:2:169:Infinity":1,"f:77:4:77:11":1,"s:78:6:167:Infinity":2,"s:79:33:79:Infinity":3,"b:81:8:86:Infinity:undefined:undefined:undefined:undefined":0,"s:81:8:86:Infinity":4,"s:82:10:85:Infinity":5,"f:83:53:83:54":2,"s:83:60:83:69":6,"s:88:39:88:Infinity":7,"s:91:31:91:Infinity":8,"s:92:14:92:Infinity":9,"b:93:8:98:Infinity:undefined:undefined:undefined:undefined":1,"s:93:8:98:Infinity":10,"s:94:10:97:Infinity":11,"b:95:19:95:42:95:42:95:Infinity":2,"s:100:23:100:Infinity":12,"b:101:8:107:Infinity:undefined:undefined:undefined:undefined":3,"s:101:8:107:Infinity":13,"b:101:12:101:23:101:23:101:45":4,"s:102:10:102:Infinity":14,"s:103:10:106:Infinity":15,"s:109:22:109:Infinity":16,"s:110:30:113:Infinity":17,"s:115:26:115:Infinity":18,"s:116:23:116:Infinity":19,"s:117:25:117:Infinity":20,"s:119:8:128:Infinity":21,"s:130:8:130:Infinity":22,"s:132:21:132:Infinity":23,"s:133:8:142:Infinity":24,"b:144:8:161:Infinity:undefined:undefined:undefined:undefined":5,"s:144:8:161:Infinity":25,"b:145:10:155:Infinity:undefined:undefined:undefined:undefined":6,"s:145:10:155:Infinity":26,"b:146:12:146:Infinity:147:12:147:Infinity:148:12:148:Infinity:149:12:149:Infinity":7,"s:151:12:154:Infinity":27,"s:157:10:160:Infinity":28,"b:158:19:158:36:158:36:158:Infinity":8,"s:163:8:166:Infinity":29}}}
,"D:\\_CODE\\visioncheck\\src\\routes\\health.ts": {"path":"D:\\_CODE\\visioncheck\\src\\routes\\health.ts","statementMap":{"0":{"start":{"line":15,"column":2},"end":{"line":40,"column":null}},"1":{"start":{"line":34,"column":6},"end":{"line":38,"column":null}}},"fnMap":{"0":{"name":"healthRoute","decl":{"start":{"line":14,"column":22},"end":{"line":14,"column":34}},"loc":{"start":{"line":14,"column":60},"end":{"line":41,"column":null}},"line":14},"1":{"name":"(anonymous_1)","decl":{"start":{"line":33,"column":4},"end":{"line":33,"column":16}},"loc":{"start":{"line":33,"column":16},"end":{"line":39,"column":null}},"line":33}},"branchMap":{},"s":{"0":9,"1":4},"f":{"0":9,"1":4},"b":{},"meta":{"lastBranch":0,"lastFunction":2,"lastStatement":2,"seen":{"f:14:22:14:34":0,"s:15:2:40:Infinity":0,"f:33:4:33:16":1,"s:34:6:38:Infinity":1}}}
,"D:\\_CODE\\visioncheck\\src\\schemas\\validation.ts": {"path":"D:\\_CODE\\visioncheck\\src\\schemas\\validation.ts","statementMap":{"0":{"start":{"line":9,"column":42},"end":{"line":28,"column":null}},"1":{"start":{"line":15,"column":8},"end":{"line":20,"column":null}},"2":{"start":{"line":16,"column":25},"end":{"line":16,"column":null}},"3":{"start":{"line":17,"column":10},"end":{"line":17,"column":null}},"4":{"start":{"line":19,"column":10},"end":{"line":19,"column":null}},"5":{"start":{"line":40,"column":43},"end":{"line":45,"column":null}}},"fnMap":{"0":{"name":"(anonymous_0)","decl":{"start":{"line":14,"column":6},"end":{"line":14,"column":7}},"loc":{"start":{"line":14,"column":15},"end":{"line":21,"column":null}},"line":14}},"branchMap":{},"s":{"0":3,"1":25,"2":25,"3":25,"4":1,"5":3},"f":{"0":25},"b":{},"meta":{"lastBranch":0,"lastFunction":1,"lastStatement":6,"seen":{"s:9:42:28:Infinity":0,"f:14:6:14:7":0,"s:15:8:20:Infinity":1,"s:16:25:16:Infinity":2,"s:17:10:17:Infinity":3,"s:19:10:19:Infinity":4,"s:40:43:45:Infinity":5}}}
,"D:\\_CODE\\visioncheck\\src\\services\\vision-service.ts": {"path":"D:\\_CODE\\visioncheck\\src\\services\\vision-service.ts","statementMap":{"0":{"start":{"line":31,"column":4},"end":{"line":31,"column":null}},"1":{"start":{"line":32,"column":4},"end":{"line":32,"column":null}},"2":{"start":{"line":53,"column":49},"end":{"line":66,"column":null}},"3":{"start":{"line":55,"column":8},"end":{"line":63,"column":null}},"4":{"start":{"line":56,"column":10},"end":{"line":58,"column":null}},"5":{"start":{"line":57,"column":12},"end":{"line":57,"column":null}},"6":{"start":{"line":59,"column":10},"end":{"line":61,"column":null}},"7":{"start":{"line":60,"column":12},"end":{"line":60,"column":null}},"8":{"start":{"line":62,"column":10},"end":{"line":62,"column":null}},"9":{"start":{"line":64,"column":8},"end":{"line":64,"column":null}},"10":{"start":{"line":68,"column":20},"end":{"line":68,"column":null}},"11":{"start":{"line":70,"column":21},"end":{"line":104,"column":null}},"12":{"start":{"line":96,"column":8},"end":{"line":102,"column":null}},"13":{"start":{"line":97,"column":10},"end":{"line":100,"column":null}},"14":{"start":{"line":98,"column":33},"end":{"line":98,"column":null}},"15":{"start":{"line":99,"column":12},"end":{"line":99,"column":null}},"16":{"start":{"line":101,"column":10},"end":{"line":101,"column":null}},"17":{"start":{"line":103,"column":8},"end":{"line":103,"column":null}},"18":{"start":{"line":106,"column":20},"end":{"line":106,"column":null}},"19":{"start":{"line":107,"column":4},"end":{"line":109,"column":null}},"20":{"start":{"line":108,"column":6},"end":{"line":108,"column":null}},"21":{"start":{"line":111,"column":4},"end":{"line":111,"column":null}},"22":{"start":{"line":121,"column":4},"end":{"line":122,"column":null}},"23":{"start":{"line":145,"column":27},"end":{"line":148,"column":null}},"24":{"start":{"line":151,"column":4},"end":{"line":155,"column":null}},"25":{"start":{"line":152,"column":6},"end":{"line":152,"column":null}},"26":{"start":{"line":154,"column":6},"end":{"line":154,"column":null}},"27":{"start":{"line":157,"column":4},"end":{"line":159,"column":null}},"28":{"start":{"line":158,"column":6},"end":{"line":158,"column":null}},"29":{"start":{"line":160,"column":4},"end":{"line":162,"column":null}},"30":{"start":{"line":161,"column":6},"end":{"line":161,"column":null}},"31":{"start":{"line":163,"column":4},"end":{"line":165,"column":null}},"32":{"start":{"line":164,"column":6},"end":{"line":164,"column":null}},"33":{"start":{"line":167,"column":4},"end":{"line":172,"column":null}}},"fnMap":{"0":{"name":"(anonymous_0)","decl":{"start":{"line":30,"column":2},"end":{"line":30,"column":14}},"loc":{"start":{"line":30,"column":43},"end":{"line":33,"column":null}},"line":30},"1":{"name":"(anonymous_1)","decl":{"start":{"line":52,"column":8},"end":{"line":52,"column":22}},"loc":{"start":{"line":52,"column":89},"end":{"line":112,"column":null}},"line":52},"2":{"name":"(anonymous_2)","decl":{"start":{"line":54,"column":6},"end":{"line":54,"column":7}},"loc":{"start":{"line":54,"column":26},"end":{"line":65,"column":null}},"line":54},"3":{"name":"(anonymous_3)","decl":{"start":{"line":95,"column":13},"end":{"line":95,"column":14}},"loc":{"start":{"line":95,"column":24},"end":{"line":104,"column":7}},"line":95},"4":{"name":"(anonymous_4)","decl":{"start":{"line":120,"column":10},"end":{"line":120,"column":22}},"loc":{"start":{"line":120,"column":47},"end":{"line":135,"column":null}},"line":120},"5":{"name":"(anonymous_5)","decl":{"start":{"line":144,"column":10},"end":{"line":144,"column":24}},"loc":{"start":{"line":144,"column":64},"end":{"line":173,"column":null}},"line":144}},"branchMap":{"0":{"loc":{"start":{"line":32,"column":17},"end":{"line":32,"column":null}},"type":"binary-expr","locations":[{"start":{"line":32,"column":17},"end":{"line":32,"column":33}},{"start":{"line":32,"column":33},"end":{"line":32,"column":null}}],"line":32},"1":{"loc":{"start":{"line":55,"column":8},"end":{"line":63,"column":null}},"type":"if","locations":[{"start":{"line":55,"column":8},"end":{"line":63,"column":null}},{"start":{},"end":{}}],"line":55},"2":{"loc":{"start":{"line":56,"column":10},"end":{"line":58,"column":null}},"type":"if","locations":[{"start":{"line":56,"column":10},"end":{"line":58,"column":null}},{"start":{},"end":{}}],"line":56},"3":{"loc":{"start":{"line":59,"column":10},"end":{"line":61,"column":null}},"type":"if","locations":[{"start":{"line":59,"column":10},"end":{"line":61,"column":null}},{"start":{},"end":{}}],"line":59},"4":{"loc":{"start":{"line":96,"column":8},"end":{"line":102,"column":null}},"type":"if","locations":[{"start":{"line":96,"column":8},"end":{"line":102,"column":null}},{"start":{},"end":{}}],"line":96},"5":{"loc":{"start":{"line":97,"column":10},"end":{"line":100,"column":null}},"type":"if","locations":[{"start":{"line":97,"column":10},"end":{"line":100,"column":null}},{"start":{},"end":{}}],"line":97},"6":{"loc":{"start":{"line":98,"column":33},"end":{"line":98,"column":null}},"type":"binary-expr","locations":[{"start":{"line":98,"column":33},"end":{"line":98,"column":72}},{"start":{"line":98,"column":72},"end":{"line":98,"column":null}}],"line":98},"7":{"loc":{"start":{"line":107,"column":4},"end":{"line":109,"column":null}},"type":"if","locations":[{"start":{"line":107,"column":4},"end":{"line":109,"column":null}},{"start":{},"end":{}}],"line":107},"8":{"loc":{"start":{"line":157,"column":4},"end":{"line":159,"column":null}},"type":"if","locations":[{"start":{"line":157,"column":4},"end":{"line":159,"column":null}},{"start":{},"end":{}}],"line":157},"9":{"loc":{"start":{"line":160,"column":4},"end":{"line":162,"column":null}},"type":"if","locations":[{"start":{"line":160,"column":4},"end":{"line":162,"column":null}},{"start":{},"end":{}}],"line":160},"10":{"loc":{"start":{"line":163,"column":4},"end":{"line":165,"column":null}},"type":"if","locations":[{"start":{"line":163,"column":4},"end":{"line":165,"column":null}},{"start":{},"end":{}}],"line":163}},"s":{"0":20,"1":20,"2":17,"3":4,"4":4,"5":1,"6":3,"7":2,"8":1,"9":0,"10":13,"11":13,"12":2,"13":2,"14":1,"15":1,"16":1,"17":0,"18":11,"19":17,"20":1,"21":10,"22":13,"23":10,"24":10,"25":10,"26":1,"27":9,"28":1,"29":8,"30":1,"31":7,"32":1,"33":6},"f":{"0":20,"1":17,"2":4,"3":2,"4":13,"5":10},"b":{"0":[20,20],"1":[4,0],"2":[1,3],"3":[2,1],"4":[2,0],"5":[1,1],"6":[1,0],"7":[1,16],"8":[1,8],"9":[1,7],"10":[1,6]},"meta":{"lastBranch":11,"lastFunction":6,"lastStatement":34,"seen":{"f:30:2:30:14":0,"s:31:4:31:Infinity":0,"s:32:4:32:Infinity":1,"b:32:17:32:33:32:33:32:Infinity":0,"f:52:8:52:22":1,"s:53:49:66:Infinity":2,"f:54:6:54:7":2,"b:55:8:63:Infinity:undefined:undefined:undefined:undefined":1,"s:55:8:63:Infinity":3,"b:56:10:58:Infinity:undefined:undefined:undefined:undefined":2,"s:56:10:58:Infinity":4,"s:57:12:57:Infinity":5,"b:59:10:61:Infinity:undefined:undefined:undefined:undefined":3,"s:59:10:61:Infinity":6,"s:60:12:60:Infinity":7,"s:62:10:62:Infinity":8,"s:64:8:64:Infinity":9,"s:68:20:68:Infinity":10,"s:70:21:104:Infinity":11,"f:95:13:95:14":3,"b:96:8:102:Infinity:undefined:undefined:undefined:undefined":4,"s:96:8:102:Infinity":12,"b:97:10:100:Infinity:undefined:undefined:undefined:undefined":5,"s:97:10:100:Infinity":13,"s:98:33:98:Infinity":14,"b:98:33:98:72:98:72:98:Infinity":6,"s:99:12:99:Infinity":15,"s:101:10:101:Infinity":16,"s:103:8:103:Infinity":17,"s:106:20:106:Infinity":18,"b:107:4:109:Infinity:undefined:undefined:undefined:undefined":7,"s:107:4:109:Infinity":19,"s:108:6:108:Infinity":20,"s:111:4:111:Infinity":21,"f:120:10:120:22":4,"s:121:4:122:Infinity":22,"f:144:10:144:24":5,"s:145:27:148:Infinity":23,"s:151:4:155:Infinity":24,"s:152:6:152:Infinity":25,"s:154:6:154:Infinity":26,"b:157:4:159:Infinity:undefined:undefined:undefined:undefined":8,"s:157:4:159:Infinity":27,"s:158:6:158:Infinity":28,"b:160:4:162:Infinity:undefined:undefined:undefined:undefined":9,"s:160:4:162:Infinity":29,"s:161:6:161:Infinity":30,"b:163:4:165:Infinity:undefined:undefined:undefined:undefined":10,"s:163:4:165:Infinity":31,"s:164:6:164:Infinity":32,"s:167:4:172:Infinity":33}}}
,"D:\\_CODE\\visioncheck\\src\\utils\\image.ts": {"path":"D:\\_CODE\\visioncheck\\src\\utils\\image.ts","statementMap":{"0":{"start":{"line":6,"column":23},"end":{"line":6,"column":null}},"1":{"start":{"line":25,"column":2},"end":{"line":51,"column":null}},"2":{"start":{"line":26,"column":25},"end":{"line":29,"column":null}},"3":{"start":{"line":28,"column":34},"end":{"line":28,"column":null}},"4":{"start":{"line":31,"column":26},"end":{"line":31,"column":null}},"5":{"start":{"line":32,"column":4},"end":{"line":39,"column":null}},"6":{"start":{"line":33,"column":19},"end":{"line":33,"column":null}},"7":{"start":{"line":34,"column":6},"end":{"line":38,"column":null}},"8":{"start":{"line":35,"column":8},"end":{"line":37,"column":null}},"9":{"start":{"line":44,"column":4},"end":{"line":46,"column":null}},"10":{"start":{"line":45,"column":6},"end":{"line":45,"column":null}},"11":{"start":{"line":48,"column":4},"end":{"line":50,"column":null}},"12":{"start":{"line":53,"column":19},"end":{"line":59,"column":null}},"13":{"start":{"line":56,"column":32},"end":{"line":56,"column":null}},"14":{"start":{"line":62,"column":2},"end":{"line":66,"column":null}},"15":{"start":{"line":63,"column":4},"end":{"line":65,"column":null}},"16":{"start":{"line":68,"column":8},"end":{"line":68,"column":null}},"17":{"start":{"line":69,"column":23},"end":{"line":69,"column":null}},"18":{"start":{"line":73,"column":2},"end":{"line":75,"column":null}},"19":{"start":{"line":73,"column":50},"end":{"line":73,"column":76}},"20":{"start":{"line":74,"column":4},"end":{"line":74,"column":null}},"21":{"start":{"line":78,"column":2},"end":{"line":84,"column":null}},"22":{"start":{"line":79,"column":4},"end":{"line":79,"column":null}},"23":{"start":{"line":81,"column":4},"end":{"line":83,"column":null}},"24":{"start":{"line":87,"column":32},"end":{"line":91,"column":null}},"25":{"start":{"line":93,"column":2},"end":{"line":96,"column":null}}},"fnMap":{"0":{"name":"fetchImageAsBase64","decl":{"start":{"line":20,"column":22},"end":{"line":20,"column":41}},"loc":{"start":{"line":23,"column":3},"end":{"line":97,"column":null}},"line":23},"1":{"name":"(anonymous_1)","decl":{"start":{"line":28,"column":22},"end":{"line":28,"column":23}},"loc":{"start":{"line":28,"column":34},"end":{"line":28,"column":null}},"line":28},"2":{"name":"(anonymous_2)","decl":{"start":{"line":56,"column":20},"end":{"line":56,"column":21}},"loc":{"start":{"line":56,"column":32},"end":{"line":56,"column":null}},"line":56},"3":{"name":"(anonymous_3)","decl":{"start":{"line":73,"column":40},"end":{"line":73,"column":41}},"loc":{"start":{"line":73,"column":50},"end":{"line":73,"column":76}},"line":73}},"branchMap":{"0":{"loc":{"start":{"line":28,"column":34},"end":{"line":28,"column":null}},"type":"binary-expr","locations":[{"start":{"line":28,"column":34},"end":{"line":28,"column":52}},{"start":{"line":28,"column":52},"end":{"line":28,"column":null}}],"line":28},"1":{"loc":{"start":{"line":32,"column":4},"end":{"line":39,"column":null}},"type":"if","locations":[{"start":{"line":32,"column":4},"end":{"line":39,"column":null}},{"start":{},"end":{}}],"line":32},"2":{"loc":{"start":{"line":34,"column":6},"end":{"line":38,"column":null}},"type":"if","locations":[{"start":{"line":34,"column":6},"end":{"line":38,"column":null}},{"start":{},"end":{}}],"line":34},"3":{"loc":{"start":{"line":34,"column":10},"end":{"line":34,"column":56}},"type":"binary-expr","locations":[{"start":{"line":34,"column":10},"end":{"line":34,"column":33}},{"start":{"line":34,"column":33},"end":{"line":34,"column":56}}],"line":34},"4":{"loc":{"start":{"line":44,"column":4},"end":{"line":46,"column":null}},"type":"if","locations":[{"start":{"line":44,"column":4},"end":{"line":46,"column":null}},{"start":{},"end":{}}],"line":44},"5":{"loc":{"start":{"line":44,"column":8},"end":{"line":44,"column":90}},"type":"binary-expr","locations":[{"start":{"line":44,"column":8},"end":{"line":44,"column":34}},{"start":{"line":44,"column":34},"end":{"line":44,"column":90}}],"line":44},"6":{"loc":{"start":{"line":48,"column":4},"end":{"line":50,"column":null}},"type":"if","locations":[{"start":{"line":48,"column":4},"end":{"line":50,"column":null}},{"start":{},"end":{}}],"line":48},"7":{"loc":{"start":{"line":48,"column":8},"end":{"line":48,"column":70}},"type":"binary-expr","locations":[{"start":{"line":48,"column":8},"end":{"line":48,"column":38}},{"start":{"line":48,"column":38},"end":{"line":48,"column":70}}],"line":48},"8":{"loc":{"start":{"line":62,"column":2},"end":{"line":66,"column":null}},"type":"if","locations":[{"start":{"line":62,"column":2},"end":{"line":66,"column":null}},{"start":{},"end":{}}],"line":62},"9":{"loc":{"start":{"line":68,"column":23},"end":{"line":68,"column":63}},"type":"binary-expr","locations":[{"start":{"line":68,"column":23},"end":{"line":68,"column":59}},{"start":{"line":68,"column":59},"end":{"line":68,"column":63}}],"line":68},"10":{"loc":{"start":{"line":73,"column":2},"end":{"line":75,"column":null}},"type":"if","locations":[{"start":{"line":73,"column":2},"end":{"line":75,"column":null}},{"start":{},"end":{}}],"line":73},"11":{"loc":{"start":{"line":73,"column":6},"end":{"line":73,"column":79}},"type":"binary-expr","locations":[{"start":{"line":73,"column":6},"end":{"line":73,"column":21}},{"start":{"line":73,"column":21},"end":{"line":73,"column":79}}],"line":73},"12":{"loc":{"start":{"line":82,"column":44},"end":{"line":82,"column":100}},"type":"cond-expr","locations":[{"start":{"line":82,"column":69},"end":{"line":82,"column":85}},{"start":{"line":82,"column":85},"end":{"line":82,"column":100}}],"line":82},"13":{"loc":{"start":{"line":87,"column":32},"end":{"line":91,"column":null}},"type":"cond-expr","locations":[{"start":{"line":88,"column":6},"end":{"line":88,"column":null}},{"start":{"line":89,"column":6},"end":{"line":91,"column":null}}],"line":87},"14":{"loc":{"start":{"line":89,"column":6},"end":{"line":91,"column":null}},"type":"cond-expr","locations":[{"start":{"line":90,"column":8},"end":{"line":90,"column":null}},{"start":{"line":91,"column":8},"end":{"line":91,"column":null}}],"line":89}},"s":{"0":2,"1":10,"2":10,"3":1,"4":9,"5":9,"6":1,"7":1,"8":1,"9":2,"10":1,"11":1,"12":9,"13":1,"14":6,"15":0,"16":6,"17":10,"18":10,"19":13,"20":1,"21":5,"22":5,"23":0,"24":5,"25":10},"f":{"0":10,"1":1,"2":1,"3":13},"b":{"0":[1,1],"1":[1,8],"2":[1,0],"3":[1,1],"4":[1,1],"5":[2,2],"6":[1,0],"7":[1,1],"8":[0,6],"9":[6,1],"10":[1,9],"11":[10,5],"12":[0,0],"13":[1,4],"14":[1,3]},"meta":{"lastBranch":15,"lastFunction":4,"lastStatement":26,"seen":{"s:6:23:6:Infinity":0,"f:20:22:20:41":0,"s:25:2:51:Infinity":1,"s:26:25:29:Infinity":2,"f:28:22:28:23":1,"s:28:34:28:Infinity":3,"b:28:34:28:52:28:52:28:Infinity":0,"s:31:26:31:Infinity":4,"b:32:4:39:Infinity:undefined:undefined:undefined:undefined":1,"s:32:4:39:Infinity":5,"s:33:19:33:Infinity":6,"b:34:6:38:Infinity:undefined:undefined:undefined:undefined":2,"s:34:6:38:Infinity":7,"b:34:10:34:33:34:33:34:56":3,"s:35:8:37:Infinity":8,"b:44:4:46:Infinity:undefined:undefined:undefined:undefined":4,"s:44:4:46:Infinity":9,"b:44:8:44:34:44:34:44:90":5,"s:45:6:45:Infinity":10,"b:48:4:50:Infinity:undefined:undefined:undefined:undefined":6,"s:48:4:50:Infinity":11,"b:48:8:48:38:48:38:48:70":7,"s:53:19:59:Infinity":12,"f:56:20:56:21":2,"s:56:32:56:Infinity":13,"b:62:2:66:Infinity:undefined:undefined:undefined:undefined":8,"s:62:2:66:Infinity":14,"s:63:4:65:Infinity":15,"s:68:8:68:Infinity":16,"b:68:23:68:59:68:59:68:63":9,"s:69:23:69:Infinity":17,"b:73:2:75:Infinity:undefined:undefined:undefined:undefined":10,"s:73:2:75:Infinity":18,"b:73:6:73:21:73:21:73:79":11,"f:73:40:73:41":3,"s:73:50:73:76":19,"s:74:4:74:Infinity":20,"s:78:2:84:Infinity":21,"s:79:4:79:Infinity":22,"s:81:4:83:Infinity":23,"b:82:69:82:85:82:85:82:100":12,"s:87:32:91:Infinity":24,"b:88:6:88:Infinity:89:6:91:Infinity":13,"b:90:8:90:Infinity:91:8:91:Infinity":14,"s:93:2:96:Infinity":25}}}
,"D:\\_CODE\\visioncheck\\src\\utils\\url-validator.ts": {"path":"D:\\_CODE\\visioncheck\\src\\utils\\url-validator.ts","statementMap":{"0":{"start":{"line":12,"column":2},"end":{"line":94,"column":null}},"1":{"start":{"line":13,"column":22},"end":{"line":13,"column":null}},"2":{"start":{"line":16,"column":4},"end":{"line":21,"column":null}},"3":{"start":{"line":17,"column":6},"end":{"line":20,"column":null}},"4":{"start":{"line":23,"column":21},"end":{"line":23,"column":null}},"5":{"start":{"line":26,"column":4},"end":{"line":45,"column":null}},"6":{"start":{"line":27,"column":22},"end":{"line":30,"column":null}},"7":{"start":{"line":29,"column":20},"end":{"line":29,"column":42}},"8":{"start":{"line":30,"column":23},"end":{"line":30,"column":35}},"9":{"start":{"line":32,"column":6},"end":{"line":44,"column":null}},"10":{"start":{"line":33,"column":26},"end":{"line":36,"column":null}},"11":{"start":{"line":35,"column":10},"end":{"line":35,"column":null}},"12":{"start":{"line":38,"column":8},"end":{"line":43,"column":null}},"13":{"start":{"line":39,"column":10},"end":{"line":42,"column":null}},"14":{"start":{"line":48,"column":4},"end":{"line":78,"column":null}},"15":{"start":{"line":74,"column":6},"end":{"line":77,"column":null}},"16":{"start":{"line":81,"column":4},"end":{"line":86,"column":null}},"17":{"start":{"line":82,"column":6},"end":{"line":85,"column":null}},"18":{"start":{"line":88,"column":4},"end":{"line":88,"column":null}},"19":{"start":{"line":90,"column":4},"end":{"line":93,"column":null}}},"fnMap":{"0":{"name":"validateImageUrl","decl":{"start":{"line":8,"column":16},"end":{"line":8,"column":null}},"loc":{"start":{"line":11,"column":40},"end":{"line":95,"column":null}},"line":11},"1":{"name":"(anonymous_1)","decl":{"start":{"line":29,"column":13},"end":{"line":29,"column":14}},"loc":{"start":{"line":29,"column":20},"end":{"line":29,"column":42}},"line":29},"2":{"name":"(anonymous_2)","decl":{"start":{"line":30,"column":16},"end":{"line":30,"column":17}},"loc":{"start":{"line":30,"column":23},"end":{"line":30,"column":35}},"line":30},"3":{"name":"(anonymous_3)","decl":{"start":{"line":33,"column":39},"end":{"line":33,"column":40}},"loc":{"start":{"line":33,"column":51},"end":{"line":36,"column":9}},"line":33}},"branchMap":{"0":{"loc":{"start":{"line":16,"column":4},"end":{"line":21,"column":null}},"type":"if","locations":[{"start":{"line":16,"column":4},"end":{"line":21,"column":null}},{"start":{},"end":{}}],"line":16},"1":{"loc":{"start":{"line":26,"column":4},"end":{"line":45,"column":null}},"type":"if","locations":[{"start":{"line":26,"column":4},"end":{"line":45,"column":null}},{"start":{},"end":{}}],"line":26},"2":{"loc":{"start":{"line":26,"column":8},"end":{"line":26,"column":56}},"type":"binary-expr","locations":[{"start":{"line":26,"column":8},"end":{"line":26,"column":26}},{"start":{"line":26,"column":26},"end":{"line":26,"column":56}}],"line":26},"3":{"loc":{"start":{"line":32,"column":6},"end":{"line":44,"column":null}},"type":"if","locations":[{"start":{"line":32,"column":6},"end":{"line":44,"column":null}},{"start":{},"end":{}}],"line":32},"4":{"loc":{"start":{"line":35,"column":17},"end":{"line":35,"column":null}},"type":"binary-expr","locations":[{"start":{"line":35,"column":17},"end":{"line":35,"column":40}},{"start":{"line":35,"column":40},"end":{"line":35,"column":null}}],"line":35},"5":{"loc":{"start":{"line":38,"column":8},"end":{"line":43,"column":null}},"type":"if","locations":[{"start":{"line":38,"column":8},"end":{"line":43,"column":null}},{"start":{},"end":{}}],"line":38},"6":{"loc":{"start":{"line":48,"column":4},"end":{"line":78,"column":null}},"type":"if","locations":[{"start":{"line":48,"column":4},"end":{"line":78,"column":null}},{"start":{},"end":{}}],"line":48},"7":{"loc":{"start":{"line":49,"column":6},"end":{"line":72,"column":null}},"type":"binary-expr","locations":[{"start":{"line":49,"column":6},"end":{"line":49,"column":null}},{"start":{"line":50,"column":6},"end":{"line":50,"column":null}},{"start":{"line":51,"column":6},"end":{"line":51,"column":null}},{"start":{"line":52,"column":6},"end":{"line":52,"column":null}},{"start":{"line":53,"column":6},"end":{"line":53,"column":null}},{"start":{"line":54,"column":6},"end":{"line":54,"column":null}},{"start":{"line":55,"column":6},"end":{"line":55,"column":null}},{"start":{"line":56,"column":6},"end":{"line":56,"column":null}},{"start":{"line":57,"column":6},"end":{"line":57,"column":null}},{"start":{"line":58,"column":6},"end":{"line":58,"column":null}},{"start":{"line":59,"column":6},"end":{"line":59,"column":null}},{"start":{"line":60,"column":6},"end":{"line":60,"column":null}},{"start":{"line":61,"column":6},"end":{"line":61,"column":null}},{"start":{"line":62,"column":6},"end":{"line":62,"column":null}},{"start":{"line":63,"column":6},"end":{"line":63,"column":null}},{"start":{"line":64,"column":6},"end":{"line":64,"column":null}},{"start":{"line":65,"column":6},"end":{"line":65,"column":null}},{"start":{"line":66,"column":6},"end":{"line":66,"column":null}},{"start":{"line":67,"column":6},"end":{"line":67,"column":null}},{"start":{"line":68,"column":6},"end":{"line":68,"column":null}},{"start":{"line":69,"column":6},"end":{"line":69,"column":null}},{"start":{"line":70,"column":6},"end":{"line":70,"column":null}},{"start":{"line":71,"column":6},"end":{"line":71,"column":null}},{"start":{"line":72,"column":6},"end":{"line":72,"column":null}}],"line":49},"8":{"loc":{"start":{"line":81,"column":4},"end":{"line":86,"column":null}},"type":"if","locations":[{"start":{"line":81,"column":4},"end":{"line":86,"column":null}},{"start":{},"end":{}}],"line":81},"9":{"loc":{"start":{"line":81,"column":8},"end":{"line":81,"column":89}},"type":"binary-expr","locations":[{"start":{"line":81,"column":8},"end":{"line":81,"column":42}},{"start":{"line":81,"column":42},"end":{"line":81,"column":89}}],"line":81}},"s":{"0":11,"1":11,"2":11,"3":0,"4":11,"5":11,"6":0,"7":0,"8":0,"9":0,"10":0,"11":0,"12":0,"13":0,"14":11,"15":0,"16":11,"17":0,"18":11,"19":0},"f":{"0":11,"1":0,"2":0,"3":0},"b":{"0":[0,11],"1":[0,11],"2":[11,0],"3":[0,0],"4":[0,0],"5":[0,0],"6":[0,11],"7":[11,11,11,11,11,11,11,11,11,11,11,11,11,11,11,11,11,11,11,11,11,11,11,11],"8":[0,11],"9":[11,11]},"meta":{"lastBranch":10,"lastFunction":4,"lastStatement":20,"seen":{"f:8:16:8:Infinity":0,"s:12:2:94:Infinity":0,"s:13:22:13:Infinity":1,"b:16:4:21:Infinity:undefined:undefined:undefined:undefined":0,"s:16:4:21:Infinity":2,"s:17:6:20:Infinity":3,"s:23:21:23:Infinity":4,"b:26:4:45:Infinity:undefined:undefined:undefined:undefined":1,"s:26:4:45:Infinity":5,"b:26:8:26:26:26:26:26:56":2,"s:27:22:30:Infinity":6,"f:29:13:29:14":1,"s:29:20:29:42":7,"f:30:16:30:17":2,"s:30:23:30:35":8,"b:32:6:44:Infinity:undefined:undefined:undefined:undefined":3,"s:32:6:44:Infinity":9,"s:33:26:36:Infinity":10,"f:33:39:33:40":3,"s:35:10:35:Infinity":11,"b:35:17:35:40:35:40:35:Infinity":4,"b:38:8:43:Infinity:undefined:undefined:undefined:undefined":5,"s:38:8:43:Infinity":12,"s:39:10:42:Infinity":13,"b:48:4:78:Infinity:undefined:undefined:undefined:undefined":6,"s:48:4:78:Infinity":14,"b:49:6:49:Infinity:50:6:50:Infinity:51:6:51:Infinity:52:6:52:Infinity:53:6:53:Infinity:54:6:54:Infinity:55:6:55:Infinity:56:6:56:Infinity:57:6:57:Infinity:58:6:58:Infinity:59:6:59:Infinity:60:6:60:Infinity:61:6:61:Infinity:62:6:62:Infinity:63:6:63:Infinity:64:6:64:Infinity:65:6:65:Infinity:66:6:66:Infinity:67:6:67:Infinity:68:6:68:Infinity:69:6:69:Infinity:70:6:70:Infinity:71:6:71:Infinity:72:6:72:Infinity":7,"s:74:6:77:Infinity":15,"b:81:4:86:Infinity:undefined:undefined:undefined:undefined":8,"s:81:4:86:Infinity":16,"b:81:8:81:42:81:42:81:89":9,"s:82:6:85:Infinity":17,"s:88:4:88:Infinity":18,"s:90:4:93:Infinity":19}}}
}
